<?xml version="1.0" encoding="UTF-8"?>
<!-- Generated by org.testng.reporters.JUnitReportReporter -->
<testsuite skipped="0" hostname="DESKTOP-0AG0V8V" name="com.ParallelTesting.TestParallelClassTwo" tests="2" failures="0" timestamp="29 Oct 2019 06:59:38 GMT" time="0.012" errors="0">
  <testcase name="testCaseOne" time="0.008" classname="com.ParallelTesting.TestParallelClassTwo"/>
  <testcase name="testCaseTwo" time="0.004" classname="com.ParallelTesting.TestParallelClassTwo"/>
</testsuite> <!-- com.ParallelTesting.TestParallelClassTwo -->
