<?xml version="1.0" encoding="UTF-8"?>
<!-- Generated by org.testng.reporters.JUnitReportReporter -->
<testsuite skipped="0" hostname="DESKTOP-0AG0V8V" name="com.ParallelTesting.TestParallelClassOne" tests="2" failures="0" timestamp="29 Oct 2019 06:59:38 GMT" time="0.040" errors="0">
  <testcase name="testCaseOne" time="0.020" classname="com.ParallelTesting.TestParallelClassOne"/>
  <testcase name="testCaseTwo" time="0.020" classname="com.ParallelTesting.TestParallelClassOne"/>
</testsuite> <!-- com.ParallelTesting.TestParallelClassOne -->
