<?xml version="1.0" encoding="UTF-8"?>
<!-- Generated by org.testng.reporters.JUnitReportReporter -->
<testsuite skipped="0" hostname="DESKTOP-0AG0V8V" name="com.TestNGAssertions.TestNGAssertions" tests="3" failures="0" timestamp="28 Oct 2019 17:32:32 GMT" time="0.033" errors="0">
  <testcase name="assertFalseExample" time="0.004" classname="com.TestNGAssertions.TestNGAssertions"/>
  <testcase name="assertTrueExample" time="0.004" classname="com.TestNGAssertions.TestNGAssertions"/>
  <testcase name="assertEqualsExample" time="0.025" classname="com.TestNGAssertions.TestNGAssertions"/>
</testsuite> <!-- com.TestNGAssertions.TestNGAssertions -->
