<?xml version="1.0" encoding="UTF-8"?>
<!-- Generated by org.testng.reporters.JUnitReportReporter -->
<testsuite skipped="0" hostname="DESKTOP-0AG0V8V" name="com.ParallelTesting2.TestClass1" tests="4" failures="0" timestamp="31 Jan 2020 03:53:16 GMT" time="0.130" errors="0">
  <testcase name="TC2" time="0.041" classname="com.ParallelTesting2.TestClass1"/>
  <testcase name="TC1" time="0.057" classname="com.ParallelTesting2.TestClass1"/>
  <testcase name="TC3" time="0.016" classname="com.ParallelTesting2.TestClass1"/>
  <testcase name="TC4" time="0.016" classname="com.ParallelTesting2.TestClass1"/>
</testsuite> <!-- com.ParallelTesting2.TestClass1 -->
