<?xml version="1.0" encoding="UTF-8"?>
<!-- Generated by org.testng.reporters.JUnitReportReporter -->
<testsuite skipped="0" hostname="DESKTOP-0AG0V8V" name="com.TestNGDependencies.DependsonMethods" tests="4" failures="0" timestamp="28 Oct 2019 14:39:10 GMT" time="0.031" errors="0">
  <testcase name="openWebsite" time="0.023" classname="com.TestNGDependencies.DependsonMethods"/>
  <testcase name="loginWebsite" time="0.003" classname="com.TestNGDependencies.DependsonMethods"/>
  <testcase name="goToBasket" time="0.003" classname="com.TestNGDependencies.DependsonMethods"/>
  <testcase name="logOutFromWebsite" time="0.002" classname="com.TestNGDependencies.DependsonMethods"/>
</testsuite> <!-- com.TestNGDependencies.DependsonMethods -->
