<?xml version="1.0" encoding="UTF-8"?>
<!-- Generated by org.testng.reporters.JUnitReportReporter -->
<testsuite skipped="0" hostname="DESKTOP-0AG0V8V" name="com.ParallelTesting3.TestClass3" tests="4" failures="0" timestamp="24 Feb 2020 04:48:14 GMT" time="56.843" errors="0">
  <testcase name="TC4" time="14.083" classname="com.ParallelTesting3.TestClass3"/>
  <testcase name="TC1" time="14.622" classname="com.ParallelTesting3.TestClass3"/>
  <testcase name="TC2" time="13.907" classname="com.ParallelTesting3.TestClass3"/>
  <testcase name="TC3" time="14.231" classname="com.ParallelTesting3.TestClass3"/>
</testsuite> <!-- com.ParallelTesting3.TestClass3 -->
