<?xml version="1.0" encoding="UTF-8"?>
<!-- Generated by org.testng.reporters.JUnitReportReporter -->
<testsuite skipped="0" hostname="DESKTOP-0AG0V8V" name="com.ParallelTesting3.TestClass2" tests="4" failures="0" timestamp="24 Feb 2020 04:49:47 GMT" time="53.634" errors="0">
  <testcase name="TC3" time="13.349" classname="com.ParallelTesting3.TestClass2"/>
  <testcase name="TC1" time="13.636" classname="com.ParallelTesting3.TestClass2"/>
  <testcase name="TC4" time="13.865" classname="com.ParallelTesting3.TestClass2"/>
  <testcase name="TC2" time="12.784" classname="com.ParallelTesting3.TestClass2"/>
</testsuite> <!-- com.ParallelTesting3.TestClass2 -->
