<?xml version="1.0" encoding="UTF-8"?>
<!-- Generated by org.testng.reporters.JUnitReportReporter -->
<testsuite skipped="0" hostname="DESKTOP-0AG0V8V" name="com.ParallelTesting3.TestClass4" tests="4" failures="0" timestamp="24 Feb 2020 04:48:14 GMT" time="52.389" errors="0">
  <testcase name="TC2" time="13.992" classname="com.ParallelTesting3.TestClass4"/>
  <testcase name="TC4" time="12.509" classname="com.ParallelTesting3.TestClass4"/>
  <testcase name="TC1" time="12.795" classname="com.ParallelTesting3.TestClass4"/>
  <testcase name="TC3" time="13.093" classname="com.ParallelTesting3.TestClass4"/>
</testsuite> <!-- com.ParallelTesting3.TestClass4 -->
