<?xml version="1.0" encoding="UTF-8"?>
<!-- Generated by org.testng.reporters.JUnitReportReporter -->
<testsuite skipped="0" hostname="DESKTOP-0AG0V8V" name="com.ParallelTesting2.TestClass2" tests="4" failures="0" timestamp="29 Oct 2019 07:39:05 GMT" time="0.024" errors="0">
  <testcase name="TC1" time="0.008" classname="com.ParallelTesting2.TestClass2"/>
  <testcase name="TC3" time="0.008" classname="com.ParallelTesting2.TestClass2"/>
  <testcase name="TC2" time="0.000" classname="com.ParallelTesting2.TestClass2"/>
  <testcase name="TC4" time="0.008" classname="com.ParallelTesting2.TestClass2"/>
</testsuite> <!-- com.ParallelTesting2.TestClass2 -->
