<?xml version="1.0" encoding="UTF-8"?>
<!-- Generated by org.testng.reporters.JUnitReportReporter -->
<testsuite skipped="0" hostname="DESKTOP-0AG0V8V" name="TestNGPrioritization.TestNGPriorities1" tests="3" failures="0" timestamp="28 Oct 2019 14:49:54 GMT" time="0.028" errors="0">
  <testcase name="thirdTest" time="0.022" classname="TestNGPrioritization.TestNGPriorities1"/>
  <testcase name="secondTest" time="0.003" classname="TestNGPrioritization.TestNGPriorities1"/>
  <testcase name="firstTest" time="0.003" classname="TestNGPrioritization.TestNGPriorities1"/>
</testsuite> <!-- TestNGPrioritization.TestNGPriorities1 -->
