<?xml version="1.0" encoding="UTF-8"?>
<!-- Generated by org.testng.reporters.JUnitReportReporter -->
<testsuite skipped="0" hostname="DESKTOP-0AG0V8V" name="com.RunTestNGTestsInSequentialOrder.Module2" tests="3" failures="0" timestamp="28 Oct 2019 18:54:05 GMT" time="0.016" errors="0">
  <testcase name="M2TC2" time="0.016" classname="com.RunTestNGTestsInSequentialOrder.Module2"/>
  <testcase name="M2TC1" time="0.000" classname="com.RunTestNGTestsInSequentialOrder.Module2"/>
  <testcase name="M2TC3" time="0.000" classname="com.RunTestNGTestsInSequentialOrder.Module2"/>
</testsuite> <!-- com.RunTestNGTestsInSequentialOrder.Module2 -->
