<?xml version="1.0" encoding="UTF-8"?>
<!-- Generated by org.testng.reporters.JUnitReportReporter -->
<testsuite skipped="0" hostname="DESKTOP-0AG0V8V" name="com.ParallelTesting3.TestClass2" tests="4" failures="0" timestamp="23 Feb 2020 16:47:15 GMT" time="182.496" errors="0">
  <testcase name="TC2" time="45.324" classname="com.ParallelTesting3.TestClass2"/>
  <testcase name="TC4" time="45.448" classname="com.ParallelTesting3.TestClass2"/>
  <testcase name="TC3" time="47.355" classname="com.ParallelTesting3.TestClass2"/>
  <testcase name="TC1" time="44.369" classname="com.ParallelTesting3.TestClass2"/>
</testsuite> <!-- com.ParallelTesting3.TestClass2 -->
