<?xml version="1.0" encoding="UTF-8"?>
<!-- Generated by org.testng.reporters.JUnitReportReporter -->
<testsuite skipped="0" hostname="DESKTOP-0AG0V8V" name="com.ParallelTesting3.TestClass1" tests="4" failures="0" timestamp="29 Oct 2019 18:03:53 GMT" time="120.234" errors="0">
  <testcase name="TC1" time="29.472" classname="com.ParallelTesting3.TestClass1"/>
  <testcase name="TC4" time="30.611" classname="com.ParallelTesting3.TestClass1"/>
  <testcase name="TC3" time="29.463" classname="com.ParallelTesting3.TestClass1"/>
  <testcase name="TC2" time="30.688" classname="com.ParallelTesting3.TestClass1"/>
</testsuite> <!-- com.ParallelTesting3.TestClass1 -->
