<?xml version="1.0" encoding="UTF-8"?>
<!-- Generated by org.testng.reporters.JUnitReportReporter -->
<testsuite skipped="0" hostname="DESKTOP-0AG0V8V" name="com.TestNGDependencies.DependsOnGroups" tests="6" failures="0" timestamp="28 Oct 2019 14:44:59 GMT" time="0.034" errors="0">
  <testcase name="firstTest" time="0.021" classname="com.TestNGDependencies.DependsOnGroups"/>
  <testcase name="fourthTest" time="0.005" classname="com.TestNGDependencies.DependsOnGroups"/>
  <testcase name="sixthTest" time="0.001" classname="com.TestNGDependencies.DependsOnGroups"/>
  <testcase name="fifthTest" time="0.002" classname="com.TestNGDependencies.DependsOnGroups"/>
  <testcase name="secondTest" time="0.002" classname="com.TestNGDependencies.DependsOnGroups"/>
  <testcase name="thirdTest" time="0.003" classname="com.TestNGDependencies.DependsOnGroups"/>
</testsuite> <!-- com.TestNGDependencies.DependsOnGroups -->
