<?xml version="1.0" encoding="UTF-8"?>
<!-- Generated by org.testng.reporters.JUnitReportReporter -->
<testsuite skipped="0" hostname="DESKTOP-0AG0V8V" name="com.ParallelTesting3.TestClass1" tests="4" failures="0" timestamp="24 Feb 2020 04:49:47 GMT" time="56.111" errors="0">
  <testcase name="TC2" time="15.596" classname="com.ParallelTesting3.TestClass1"/>
  <testcase name="TC4" time="12.585" classname="com.ParallelTesting3.TestClass1"/>
  <testcase name="TC1" time="16.093" classname="com.ParallelTesting3.TestClass1"/>
  <testcase name="TC3" time="11.837" classname="com.ParallelTesting3.TestClass1"/>
</testsuite> <!-- com.ParallelTesting3.TestClass1 -->
