<?xml version="1.0" encoding="UTF-8"?>
<!-- Generated by org.testng.reporters.JUnitReportReporter -->
<testsuite skipped="0" hostname="DESKTOP-0AG0V8V" name="com.TestNGDataProvider.DataProviderTest" tests="2" failures="0" timestamp="28 Oct 2019 17:19:31 GMT" time="0.016" errors="0">
  <testcase name="dataProviderTest" time="0.016" classname="com.TestNGDataProvider.DataProviderTest"/>
  <testcase name="dataProviderTest" time="0.000" classname="com.TestNGDataProvider.DataProviderTest"/>
</testsuite> <!-- com.TestNGDataProvider.DataProviderTest -->
