<?xml version="1.0" encoding="UTF-8"?>
<!-- Generated by org.testng.reporters.JUnitReportReporter -->
<testsuite skipped="0" hostname="DESKTOP-0AG0V8V" name="com.ParallelTesting3.TestClass1" tests="4" failures="0" timestamp="23 Feb 2020 16:47:15 GMT" time="262.867" errors="0">
  <testcase name="TC1" time="60.797" classname="com.ParallelTesting3.TestClass1"/>
  <testcase name="TC3" time="76.832" classname="com.ParallelTesting3.TestClass1"/>
  <testcase name="TC4" time="63.787" classname="com.ParallelTesting3.TestClass1"/>
  <testcase name="TC2" time="61.451" classname="com.ParallelTesting3.TestClass1"/>
</testsuite> <!-- com.ParallelTesting3.TestClass1 -->
