<?xml version="1.0" encoding="UTF-8"?>
<!-- Generated by org.testng.reporters.JUnitReportReporter -->
<testsuite skipped="0" hostname="DESKTOP-0AG0V8V" name="com.TestNGGrouping.TestNGGrouping" tests="6" failures="0" timestamp="28 Oct 2019 14:41:36 GMT" time="0.021" errors="0">
  <testcase name="thirdTest" time="0.002" classname="com.TestNGGrouping.TestNGGrouping"/>
  <testcase name="secondTest" time="0.004" classname="com.TestNGGrouping.TestNGGrouping"/>
  <testcase name="fifthTest" time="0.007" classname="com.TestNGGrouping.TestNGGrouping"/>
  <testcase name="firstTest" time="0.003" classname="com.TestNGGrouping.TestNGGrouping"/>
  <testcase name="fourthTest" time="0.002" classname="com.TestNGGrouping.TestNGGrouping"/>
  <testcase name="sixthTest" time="0.003" classname="com.TestNGGrouping.TestNGGrouping"/>
</testsuite> <!-- com.TestNGGrouping.TestNGGrouping -->
