<?xml version="1.0" encoding="UTF-8"?>
<!-- Generated by org.testng.reporters.JUnitReportReporter -->
<testsuite skipped="0" hostname="DESKTOP-0AG0V8V" name="com.TestNGParametersForCrossBrowser.CrossBrowser" tests="1" failures="0" timestamp="28 Oct 2019 16:52:05 GMT" time="10.428" errors="0">
  <testcase name="Test1" time="10.428" classname="com.TestNGParametersForCrossBrowser.CrossBrowser"/>
</testsuite> <!-- com.TestNGParametersForCrossBrowser.CrossBrowser -->
