<?xml version="1.0" encoding="UTF-8"?>
<!-- Generated by org.testng.reporters.JUnitReportReporter -->
<testsuite skipped="0" hostname="DESKTOP-0AG0V8V" name="com.TestNGGrouping.TestNGGrouping" tests="4" failures="0" timestamp="04 Dec 2019 16:45:08 GMT" time="0.022" errors="0">
  <testcase name="fifthTest" time="0.014" classname="com.TestNGGrouping.TestNGGrouping"/>
  <testcase name="secondTest" time="0.003" classname="com.TestNGGrouping.TestNGGrouping"/>
  <testcase name="firstTest" time="0.003" classname="com.TestNGGrouping.TestNGGrouping"/>
  <testcase name="thirdTest" time="0.002" classname="com.TestNGGrouping.TestNGGrouping"/>
</testsuite> <!-- com.TestNGGrouping.TestNGGrouping -->
