<?xml version="1.0" encoding="UTF-8"?>
<!-- Generated by org.testng.reporters.JUnitReportReporter -->
<testsuite skipped="0" hostname="DESKTOP-0AG0V8V" name="com.TestNGGrouping.TestNGGroupingAndDependenciesMix" tests="6" failures="0" timestamp="16 Dec 2019 16:34:06 GMT" time="0.066" errors="0">
  <testcase name="secondTest" time="0.015" classname="com.TestNGGrouping.TestNGGroupingAndDependenciesMix"/>
  <testcase name="sixthTest" time="0.034" classname="com.TestNGGrouping.TestNGGroupingAndDependenciesMix"/>
  <testcase name="fourthTest" time="0.001" classname="com.TestNGGrouping.TestNGGroupingAndDependenciesMix"/>
  <testcase name="thirdTest" time="0.003" classname="com.TestNGGrouping.TestNGGroupingAndDependenciesMix"/>
  <testcase name="fifthTest" time="0.002" classname="com.TestNGGrouping.TestNGGroupingAndDependenciesMix"/>
  <testcase name="firstTest" time="0.011" classname="com.TestNGGrouping.TestNGGroupingAndDependenciesMix"/>
</testsuite> <!-- com.TestNGGrouping.TestNGGroupingAndDependenciesMix -->
