<?xml version="1.0" encoding="UTF-8"?>
<!-- Generated by org.testng.reporters.JUnitReportReporter -->
<testsuite skipped="4" hostname="DESKTOP-0AG0V8V" name="com.ParallelTesting3.TestClass4" tests="4" failures="0" timestamp="01 Feb 2020 10:11:55 GMT" time="0.000" errors="0">
  <testcase name="TC2" time="0.000" classname="com.ParallelTesting3.TestClass4">
    <skipped/>
  </testcase> <!-- TC2 -->
  <testcase name="TC3" time="0.000" classname="com.ParallelTesting3.TestClass4">
    <skipped/>
  </testcase> <!-- TC3 -->
  <testcase name="TC1" time="0.000" classname="com.ParallelTesting3.TestClass4">
    <skipped/>
  </testcase> <!-- TC1 -->
  <testcase name="TC4" time="0.000" classname="com.ParallelTesting3.TestClass4">
    <skipped/>
  </testcase> <!-- TC4 -->
</testsuite> <!-- com.ParallelTesting3.TestClass4 -->
