<?xml version="1.0" encoding="UTF-8"?>
<!-- Generated by org.testng.reporters.JUnitReportReporter -->
<testsuite skipped="0" hostname="DESKTOP-0AG0V8V" name="com.SkippingTests.SkipTest" tests="3" failures="0" timestamp="28 Oct 2019 14:55:52 GMT" time="0.032" errors="0">
  <testcase name="firstTest" time="0.028" classname="com.SkippingTests.SkipTest"/>
  <testcase name="secondTest" time="0.002" classname="com.SkippingTests.SkipTest"/>
  <testcase name="thirdTest" time="0.002" classname="com.SkippingTests.SkipTest"/>
</testsuite> <!-- com.SkippingTests.SkipTest -->
