<?xml version="1.0" encoding="UTF-8"?>
<!-- Generated by org.testng.reporters.JUnitReportReporter -->
<testsuite skipped="0" hostname="DESKTOP-0AG0V8V" name="com.RunTestNGTestsInRandomOrder.Test1" tests="1" failures="0" timestamp="28 Oct 2019 17:56:48 GMT" time="0.024" errors="0">
  <testcase name="TC1" time="0.024" classname="com.RunTestNGTestsInRandomOrder.Test1"/>
</testsuite> <!-- com.RunTestNGTestsInRandomOrder.Test1 -->
