<?xml version="1.0" encoding="UTF-8"?>
<!-- Generated by org.testng.reporters.JUnitReportReporter -->
<testsuite skipped="0" hostname="DESKTOP-0AG0V8V" name="com.TestNGAnnotations.TestNGAnnotations" tests="1" failures="0" timestamp="28 Oct 2019 13:54:08 GMT" time="10.419" errors="0">
  <testcase name="firstTest" time="10.419" classname="com.TestNGAnnotations.TestNGAnnotations"/>
</testsuite> <!-- com.TestNGAnnotations.TestNGAnnotations -->
