<?xml version="1.0" encoding="UTF-8"?>
<!-- Generated by org.testng.reporters.JUnitReportReporter -->
<testsuite skipped="0" hostname="DESKTOP-0AG0V8V" name="com.TestNGDependencies.DependsonMethodsAndDependsonGroups" tests="10" failures="0" timestamp="28 Oct 2019 14:30:46 GMT" time="0.050" errors="0">
  <testcase name="fourthTest" time="0.003" classname="com.TestNGDependencies.DependsonMethodsAndDependsonGroups"/>
  <testcase name="loginWebsite" time="0.002" classname="com.TestNGDependencies.DependsonMethodsAndDependsonGroups"/>
  <testcase name="fifthTest" time="0.003" classname="com.TestNGDependencies.DependsonMethodsAndDependsonGroups"/>
  <testcase name="goToBasket" time="0.006" classname="com.TestNGDependencies.DependsonMethodsAndDependsonGroups"/>
  <testcase name="firstTest" time="0.015" classname="com.TestNGDependencies.DependsonMethodsAndDependsonGroups"/>
  <testcase name="openWebsite" time="0.004" classname="com.TestNGDependencies.DependsonMethodsAndDependsonGroups"/>
  <testcase name="secondTest" time="0.003" classname="com.TestNGDependencies.DependsonMethodsAndDependsonGroups"/>
  <testcase name="sixthTest" time="0.003" classname="com.TestNGDependencies.DependsonMethodsAndDependsonGroups"/>
  <testcase name="logOutFromWebsite" time="0.006" classname="com.TestNGDependencies.DependsonMethodsAndDependsonGroups"/>
  <testcase name="thirdTest" time="0.005" classname="com.TestNGDependencies.DependsonMethodsAndDependsonGroups"/>
</testsuite> <!-- com.TestNGDependencies.DependsonMethodsAndDependsonGroups -->
