<?xml version="1.0" encoding="UTF-8"?>
<!-- Generated by org.testng.reporters.JUnitReportReporter -->
<testsuite skipped="0" hostname="DESKTOP-0AG0V8V" name="com.ParallelTesting.TestClass1" tests="4" failures="0" timestamp="24 Feb 2020 04:52:50 GMT" time="0.037" errors="0">
  <testcase name="TC2" time="0.015" classname="com.ParallelTesting.TestClass1"/>
  <testcase name="TC3" time="0.002" classname="com.ParallelTesting.TestClass1"/>
  <testcase name="TC1" time="0.015" classname="com.ParallelTesting.TestClass1"/>
  <testcase name="TC4" time="0.005" classname="com.ParallelTesting.TestClass1"/>
</testsuite> <!-- com.ParallelTesting.TestClass1 -->
